Compiling the C compiler identification source file "CMakeCCompilerId.c" failed.
Compiler: /usr/bin/arm-none-eabi-gcc 
Build flags: 
Id flags:  

The output was:
1
/usr/lib/gcc/arm-none-eabi/10.2.0/../../../../arm-none-eabi/bin/ld: /usr/lib/gcc/arm-none-eabi/10.2.0/../../../../arm-none-eabi/lib/libc.a(lib_a-exit.o): in function `exit':
exit.c:(.text.exit+0x2c): undefined reference to `_exit'
collect2: error: ld returned 1 exit status


Compiling the CXX compiler identification source file "CMakeCXXCompilerId.cpp" failed.
Compiler: /usr/bin/arm-none-eabi-g++ 
Build flags: 
Id flags:  

The output was:
1
/usr/lib/gcc/arm-none-eabi/10.2.0/../../../../arm-none-eabi/bin/ld: /usr/lib/gcc/arm-none-eabi/10.2.0/../../../../arm-none-eabi/lib/libc.a(lib_a-exit.o): in function `exit':
exit.c:(.text.exit+0x2c): undefined reference to `_exit'
collect2: error: ld returned 1 exit status


Detecting C compiler ABI info failed to compile with the following output:
Change Dir: /home/corona/git/smart_school/smart_school_firmware/cmake-build-debug/CMakeFiles/CMakeTmp

Run Build Command(s):/usr/bin/make cmTC_dc554/fast && /usr/bin/make  -f CMakeFiles/cmTC_dc554.dir/build.make CMakeFiles/cmTC_dc554.dir/build
make[1]: Entering directory '/home/corona/git/smart_school/smart_school_firmware/cmake-build-debug/CMakeFiles/CMakeTmp'
Building C object CMakeFiles/cmTC_dc554.dir/CMakeCCompilerABI.c.obj
/usr/bin/arm-none-eabi-gcc   -v -o CMakeFiles/cmTC_dc554.dir/CMakeCCompilerABI.c.obj   -c /opt/clion/bin/cmake/linux/share/cmake-3.17/Modules/CMakeCCompilerABI.c
Using built-in specs.
COLLECT_GCC=/usr/bin/arm-none-eabi-gcc
Target: arm-none-eabi
Configured with: /build/arm-none-eabi-gcc/src/gcc-10.2.0/configure --target=arm-none-eabi --prefix=/usr --with-sysroot=/usr/arm-none-eabi --with-native-system-header-dir=/include --libexecdir=/usr/lib --enable-languages=c,c++ --enable-plugins --disable-decimal-float --disable-libffi --disable-libgomp --disable-libmudflap --disable-libquadmath --disable-libssp --disable-libstdcxx-pch --disable-nls --disable-shared --disable-threads --disable-tls --with-gnu-as --with-gnu-ld --with-system-zlib --with-newlib --with-headers=/usr/arm-none-eabi/include --with-python-dir=share/gcc-arm-none-eabi --with-gmp --with-mpfr --with-mpc --with-isl --with-libelf --enable-gnu-indirect-function --with-host-libstdcxx='-static-libgcc -Wl,-Bstatic,-lstdc++,-Bdynamic -lm' --with-pkgversion='Arch Repository' --with-bugurl=https://bugs.archlinux.org/ --with-multilib-list=rmprofile
Thread model: single
Supported LTO compression algorithms: zlib zstd
gcc version 10.2.0 (Arch Repository) 
COLLECT_GCC_OPTIONS='-v' '-o' 'CMakeFiles/cmTC_dc554.dir/CMakeCCompilerABI.c.obj' '-c' '-mcpu=arm7tdmi' '-mfloat-abi=soft' '-marm' '-march=armv4t'
 /usr/lib/gcc/arm-none-eabi/10.2.0/cc1 -quiet -v -D__USES_INITFINI__ /opt/clion/bin/cmake/linux/share/cmake-3.17/Modules/CMakeCCompilerABI.c -quiet -dumpbase CMakeCCompilerABI.c -mcpu=arm7tdmi -mfloat-abi=soft -marm -march=armv4t -auxbase-strip CMakeFiles/cmTC_dc554.dir/CMakeCCompilerABI.c.obj -version -o /tmp/ccq2C6LV.s
GNU C17 (Arch Repository) version 10.2.0 (arm-none-eabi)
	compiled by GNU C version 10.1.0, GMP version 6.2.0, MPFR version 4.0.2, MPC version 1.1.0, isl version isl-0.22-GMP

warning: MPFR header version 4.0.2 differs from library version 4.1.0.
GGC heuristics: --param ggc-min-expand=100 --param ggc-min-heapsize=131072
ignoring nonexistent directory "/usr/arm-none-eabi/usr/local/include"
ignoring duplicate directory "/usr/arm-none-eabi/include"
#include "..." search starts here:
#include <...> search starts here:
 /usr/lib/gcc/arm-none-eabi/10.2.0/include
 /usr/lib/gcc/arm-none-eabi/10.2.0/include-fixed
 /usr/lib/gcc/arm-none-eabi/10.2.0/../../../../arm-none-eabi/include
End of search list.
GNU C17 (Arch Repository) version 10.2.0 (arm-none-eabi)
	compiled by GNU C version 10.1.0, GMP version 6.2.0, MPFR version 4.0.2, MPC version 1.1.0, isl version isl-0.22-GMP

warning: MPFR header version 4.0.2 differs from library version 4.1.0.
GGC heuristics: --param ggc-min-expand=100 --param ggc-min-heapsize=131072
Compiler executable checksum: 5e2331d4a1f73ac6264add0113d3651c
COLLECT_GCC_OPTIONS='-v' '-o' 'CMakeFiles/cmTC_dc554.dir/CMakeCCompilerABI.c.obj' '-c' '-mcpu=arm7tdmi' '-mfloat-abi=soft' '-marm' '-march=armv4t'
 /usr/lib/gcc/arm-none-eabi/10.2.0/../../../../arm-none-eabi/bin/as -v -march=armv4t -mfloat-abi=soft -meabi=5 -o CMakeFiles/cmTC_dc554.dir/CMakeCCompilerABI.c.obj /tmp/ccq2C6LV.s
GNU assembler version 2.35.1 (arm-none-eabi) using BFD version (GNU Binutils) 2.35.1
COMPILER_PATH=/usr/lib/gcc/arm-none-eabi/10.2.0/:/usr/lib/gcc/arm-none-eabi/10.2.0/:/usr/lib/gcc/arm-none-eabi/:/usr/lib/gcc/arm-none-eabi/10.2.0/:/usr/lib/gcc/arm-none-eabi/:/usr/lib/gcc/arm-none-eabi/10.2.0/../../../../arm-none-eabi/bin/
LIBRARY_PATH=/usr/lib/gcc/arm-none-eabi/10.2.0/:/usr/lib/gcc/arm-none-eabi/10.2.0/../../../../arm-none-eabi/lib/:/usr/arm-none-eabi/lib/
COLLECT_GCC_OPTIONS='-v' '-o' 'CMakeFiles/cmTC_dc554.dir/CMakeCCompilerABI.c.obj' '-c' '-mcpu=arm7tdmi' '-mfloat-abi=soft' '-marm' '-march=armv4t'
Linking C executable cmTC_dc554
/opt/clion/bin/cmake/linux/bin/cmake -E cmake_link_script CMakeFiles/cmTC_dc554.dir/link.txt --verbose=1
/usr/bin/arm-none-eabi-gcc     -v CMakeFiles/cmTC_dc554.dir/CMakeCCompilerABI.c.obj  -o cmTC_dc554 
Using built-in specs.
COLLECT_GCC=/usr/bin/arm-none-eabi-gcc
COLLECT_LTO_WRAPPER=/usr/lib/gcc/arm-none-eabi/10.2.0/lto-wrapper
Target: arm-none-eabi
Configured with: /build/arm-none-eabi-gcc/src/gcc-10.2.0/configure --target=arm-none-eabi --prefix=/usr --with-sysroot=/usr/arm-none-eabi --with-native-system-header-dir=/include --libexecdir=/usr/lib --enable-languages=c,c++ --enable-plugins --disable-decimal-float --disable-libffi --disable-libgomp --disable-libmudflap --disable-libquadmath --disable-libssp --disable-libstdcxx-pch --disable-nls --disable-shared --disable-threads --disable-tls --with-gnu-as --with-gnu-ld --with-system-zlib --with-newlib --with-headers=/usr/arm-none-eabi/include --with-python-dir=share/gcc-arm-none-eabi --with-gmp --with-mpfr --with-mpc --with-isl --with-libelf --enable-gnu-indirect-function --with-host-libstdcxx='-static-libgcc -Wl,-Bstatic,-lstdc++,-Bdynamic -lm' --with-pkgversion='Arch Repository' --with-bugurl=https://bugs.archlinux.org/ --with-multilib-list=rmprofile
Thread model: single
Supported LTO compression algorithms: zlib zstd
gcc version 10.2.0 (Arch Repository) 
COMPILER_PATH=/usr/lib/gcc/arm-none-eabi/10.2.0/:/usr/lib/gcc/arm-none-eabi/10.2.0/:/usr/lib/gcc/arm-none-eabi/:/usr/lib/gcc/arm-none-eabi/10.2.0/:/usr/lib/gcc/arm-none-eabi/:/usr/lib/gcc/arm-none-eabi/10.2.0/../../../../arm-none-eabi/bin/
LIBRARY_PATH=/usr/lib/gcc/arm-none-eabi/10.2.0/:/usr/lib/gcc/arm-none-eabi/10.2.0/../../../../arm-none-eabi/lib/:/usr/arm-none-eabi/lib/
COLLECT_GCC_OPTIONS='-v' '-o' 'cmTC_dc554' '-mcpu=arm7tdmi' '-mfloat-abi=soft' '-marm' '-march=armv4t'
 /usr/lib/gcc/arm-none-eabi/10.2.0/collect2 -plugin /usr/lib/gcc/arm-none-eabi/10.2.0/liblto_plugin.so -plugin-opt=/usr/lib/gcc/arm-none-eabi/10.2.0/lto-wrapper -plugin-opt=-fresolution=/tmp/ccgecjVk.res -plugin-opt=-pass-through=-lgcc -plugin-opt=-pass-through=-lc --sysroot=/usr/arm-none-eabi -X -o cmTC_dc554 /usr/lib/gcc/arm-none-eabi/10.2.0/crti.o /usr/lib/gcc/arm-none-eabi/10.2.0/crtbegin.o /usr/lib/gcc/arm-none-eabi/10.2.0/../../../../arm-none-eabi/lib/crt0.o -L/usr/lib/gcc/arm-none-eabi/10.2.0 -L/usr/lib/gcc/arm-none-eabi/10.2.0/../../../../arm-none-eabi/lib -L/usr/arm-none-eabi/lib CMakeFiles/cmTC_dc554.dir/CMakeCCompilerABI.c.obj --start-group -lgcc -lc --end-group /usr/lib/gcc/arm-none-eabi/10.2.0/crtend.o /usr/lib/gcc/arm-none-eabi/10.2.0/crtn.o
/usr/lib/gcc/arm-none-eabi/10.2.0/../../../../arm-none-eabi/bin/ld: /usr/lib/gcc/arm-none-eabi/10.2.0/../../../../arm-none-eabi/lib/libc.a(lib_a-exit.o): in function `exit':
exit.c:(.text.exit+0x2c): undefined reference to `_exit'
collect2: error: ld returned 1 exit status
make[1]: *** [CMakeFiles/cmTC_dc554.dir/build.make:107: cmTC_dc554] Error 1
make[1]: Leaving directory '/home/corona/git/smart_school/smart_school_firmware/cmake-build-debug/CMakeFiles/CMakeTmp'
make: *** [Makefile:141: cmTC_dc554/fast] Error 2




Detecting CXX compiler ABI info failed to compile with the following output:
Change Dir: /home/corona/git/smart_school/smart_school_firmware/cmake-build-debug/CMakeFiles/CMakeTmp

Run Build Command(s):/usr/bin/make cmTC_f8b4b/fast && /usr/bin/make  -f CMakeFiles/cmTC_f8b4b.dir/build.make CMakeFiles/cmTC_f8b4b.dir/build
make[1]: Entering directory '/home/corona/git/smart_school/smart_school_firmware/cmake-build-debug/CMakeFiles/CMakeTmp'
Building CXX object CMakeFiles/cmTC_f8b4b.dir/CMakeCXXCompilerABI.cpp.obj
/usr/bin/arm-none-eabi-g++    -v -o CMakeFiles/cmTC_f8b4b.dir/CMakeCXXCompilerABI.cpp.obj -c /opt/clion/bin/cmake/linux/share/cmake-3.17/Modules/CMakeCXXCompilerABI.cpp
Using built-in specs.
COLLECT_GCC=/usr/bin/arm-none-eabi-g++
Target: arm-none-eabi
Configured with: /build/arm-none-eabi-gcc/src/gcc-10.2.0/configure --target=arm-none-eabi --prefix=/usr --with-sysroot=/usr/arm-none-eabi --with-native-system-header-dir=/include --libexecdir=/usr/lib --enable-languages=c,c++ --enable-plugins --disable-decimal-float --disable-libffi --disable-libgomp --disable-libmudflap --disable-libquadmath --disable-libssp --disable-libstdcxx-pch --disable-nls --disable-shared --disable-threads --disable-tls --with-gnu-as --with-gnu-ld --with-system-zlib --with-newlib --with-headers=/usr/arm-none-eabi/include --with-python-dir=share/gcc-arm-none-eabi --with-gmp --with-mpfr --with-mpc --with-isl --with-libelf --enable-gnu-indirect-function --with-host-libstdcxx='-static-libgcc -Wl,-Bstatic,-lstdc++,-Bdynamic -lm' --with-pkgversion='Arch Repository' --with-bugurl=https://bugs.archlinux.org/ --with-multilib-list=rmprofile
Thread model: single
Supported LTO compression algorithms: zlib zstd
gcc version 10.2.0 (Arch Repository) 
COLLECT_GCC_OPTIONS='-v' '-o' 'CMakeFiles/cmTC_f8b4b.dir/CMakeCXXCompilerABI.cpp.obj' '-c' '-mcpu=arm7tdmi' '-mfloat-abi=soft' '-marm' '-march=armv4t'
 /usr/lib/gcc/arm-none-eabi/10.2.0/cc1plus -quiet -v -D__USES_INITFINI__ /opt/clion/bin/cmake/linux/share/cmake-3.17/Modules/CMakeCXXCompilerABI.cpp -quiet -dumpbase CMakeCXXCompilerABI.cpp -mcpu=arm7tdmi -mfloat-abi=soft -marm -march=armv4t -auxbase-strip CMakeFiles/cmTC_f8b4b.dir/CMakeCXXCompilerABI.cpp.obj -version -o /tmp/ccxvwY7L.s
GNU C++14 (Arch Repository) version 10.2.0 (arm-none-eabi)
	compiled by GNU C version 10.1.0, GMP version 6.2.0, MPFR version 4.0.2, MPC version 1.1.0, isl version isl-0.22-GMP

warning: MPFR header version 4.0.2 differs from library version 4.1.0.
GGC heuristics: --param ggc-min-expand=100 --param ggc-min-heapsize=131072
ignoring nonexistent directory "/usr/arm-none-eabi/usr/local/include"
ignoring duplicate directory "/usr/arm-none-eabi/include"
#include "..." search starts here:
#include <...> search starts here:
 /usr/lib/gcc/arm-none-eabi/10.2.0/../../../../arm-none-eabi/include/c++/10.2.0
 /usr/lib/gcc/arm-none-eabi/10.2.0/../../../../arm-none-eabi/include/c++/10.2.0/arm-none-eabi
 /usr/lib/gcc/arm-none-eabi/10.2.0/../../../../arm-none-eabi/include/c++/10.2.0/backward
 /usr/lib/gcc/arm-none-eabi/10.2.0/include
 /usr/lib/gcc/arm-none-eabi/10.2.0/include-fixed
 /usr/lib/gcc/arm-none-eabi/10.2.0/../../../../arm-none-eabi/include
End of search list.
GNU C++14 (Arch Repository) version 10.2.0 (arm-none-eabi)
	compiled by GNU C version 10.1.0, GMP version 6.2.0, MPFR version 4.0.2, MPC version 1.1.0, isl version isl-0.22-GMP

warning: MPFR header version 4.0.2 differs from library version 4.1.0.
GGC heuristics: --param ggc-min-expand=100 --param ggc-min-heapsize=131072
Compiler executable checksum: 38c7a6c7cc6125453a429785a0230cd0
COLLECT_GCC_OPTIONS='-v' '-o' 'CMakeFiles/cmTC_f8b4b.dir/CMakeCXXCompilerABI.cpp.obj' '-c' '-mcpu=arm7tdmi' '-mfloat-abi=soft' '-marm' '-march=armv4t'
 /usr/lib/gcc/arm-none-eabi/10.2.0/../../../../arm-none-eabi/bin/as -v -march=armv4t -mfloat-abi=soft -meabi=5 -o CMakeFiles/cmTC_f8b4b.dir/CMakeCXXCompilerABI.cpp.obj /tmp/ccxvwY7L.s
GNU assembler version 2.35.1 (arm-none-eabi) using BFD version (GNU Binutils) 2.35.1
COMPILER_PATH=/usr/lib/gcc/arm-none-eabi/10.2.0/:/usr/lib/gcc/arm-none-eabi/10.2.0/:/usr/lib/gcc/arm-none-eabi/:/usr/lib/gcc/arm-none-eabi/10.2.0/:/usr/lib/gcc/arm-none-eabi/:/usr/lib/gcc/arm-none-eabi/10.2.0/../../../../arm-none-eabi/bin/
LIBRARY_PATH=/usr/lib/gcc/arm-none-eabi/10.2.0/:/usr/lib/gcc/arm-none-eabi/10.2.0/../../../../arm-none-eabi/lib/:/usr/arm-none-eabi/lib/
COLLECT_GCC_OPTIONS='-v' '-o' 'CMakeFiles/cmTC_f8b4b.dir/CMakeCXXCompilerABI.cpp.obj' '-c' '-mcpu=arm7tdmi' '-mfloat-abi=soft' '-marm' '-march=armv4t'
Linking CXX executable cmTC_f8b4b
/opt/clion/bin/cmake/linux/bin/cmake -E cmake_link_script CMakeFiles/cmTC_f8b4b.dir/link.txt --verbose=1
/usr/bin/arm-none-eabi-g++      -v CMakeFiles/cmTC_f8b4b.dir/CMakeCXXCompilerABI.cpp.obj  -o cmTC_f8b4b 
Using built-in specs.
COLLECT_GCC=/usr/bin/arm-none-eabi-g++
COLLECT_LTO_WRAPPER=/usr/lib/gcc/arm-none-eabi/10.2.0/lto-wrapper
Target: arm-none-eabi
Configured with: /build/arm-none-eabi-gcc/src/gcc-10.2.0/configure --target=arm-none-eabi --prefix=/usr --with-sysroot=/usr/arm-none-eabi --with-native-system-header-dir=/include --libexecdir=/usr/lib --enable-languages=c,c++ --enable-plugins --disable-decimal-float --disable-libffi --disable-libgomp --disable-libmudflap --disable-libquadmath --disable-libssp --disable-libstdcxx-pch --disable-nls --disable-shared --disable-threads --disable-tls --with-gnu-as --with-gnu-ld --with-system-zlib --with-newlib --with-headers=/usr/arm-none-eabi/include --with-python-dir=share/gcc-arm-none-eabi --with-gmp --with-mpfr --with-mpc --with-isl --with-libelf --enable-gnu-indirect-function --with-host-libstdcxx='-static-libgcc -Wl,-Bstatic,-lstdc++,-Bdynamic -lm' --with-pkgversion='Arch Repository' --with-bugurl=https://bugs.archlinux.org/ --with-multilib-list=rmprofile
Thread model: single
Supported LTO compression algorithms: zlib zstd
gcc version 10.2.0 (Arch Repository) 
COMPILER_PATH=/usr/lib/gcc/arm-none-eabi/10.2.0/:/usr/lib/gcc/arm-none-eabi/10.2.0/:/usr/lib/gcc/arm-none-eabi/:/usr/lib/gcc/arm-none-eabi/10.2.0/:/usr/lib/gcc/arm-none-eabi/:/usr/lib/gcc/arm-none-eabi/10.2.0/../../../../arm-none-eabi/bin/
LIBRARY_PATH=/usr/lib/gcc/arm-none-eabi/10.2.0/:/usr/lib/gcc/arm-none-eabi/10.2.0/../../../../arm-none-eabi/lib/:/usr/arm-none-eabi/lib/
COLLECT_GCC_OPTIONS='-v' '-o' 'cmTC_f8b4b' '-mcpu=arm7tdmi' '-mfloat-abi=soft' '-marm' '-march=armv4t'
 /usr/lib/gcc/arm-none-eabi/10.2.0/collect2 -plugin /usr/lib/gcc/arm-none-eabi/10.2.0/liblto_plugin.so -plugin-opt=/usr/lib/gcc/arm-none-eabi/10.2.0/lto-wrapper -plugin-opt=-fresolution=/tmp/ccRLSmBf.res -plugin-opt=-pass-through=-lgcc -plugin-opt=-pass-through=-lc --sysroot=/usr/arm-none-eabi -X -o cmTC_f8b4b /usr/lib/gcc/arm-none-eabi/10.2.0/crti.o /usr/lib/gcc/arm-none-eabi/10.2.0/crtbegin.o /usr/lib/gcc/arm-none-eabi/10.2.0/../../../../arm-none-eabi/lib/crt0.o -L/usr/lib/gcc/arm-none-eabi/10.2.0 -L/usr/lib/gcc/arm-none-eabi/10.2.0/../../../../arm-none-eabi/lib -L/usr/arm-none-eabi/lib CMakeFiles/cmTC_f8b4b.dir/CMakeCXXCompilerABI.cpp.obj -lstdc++ -lm --start-group -lgcc -lc --end-group /usr/lib/gcc/arm-none-eabi/10.2.0/crtend.o /usr/lib/gcc/arm-none-eabi/10.2.0/crtn.o
/usr/lib/gcc/arm-none-eabi/10.2.0/../../../../arm-none-eabi/bin/ld: /usr/lib/gcc/arm-none-eabi/10.2.0/../../../../arm-none-eabi/lib/libc.a(lib_a-exit.o): in function `exit':
exit.c:(.text.exit+0x2c): undefined reference to `_exit'
collect2: error: ld returned 1 exit status
make[1]: *** [CMakeFiles/cmTC_f8b4b.dir/build.make:107: cmTC_f8b4b] Error 1
make[1]: Leaving directory '/home/corona/git/smart_school/smart_school_firmware/cmake-build-debug/CMakeFiles/CMakeTmp'
make: *** [Makefile:141: cmTC_f8b4b/fast] Error 2




